<?xml version="1.0" encoding="UTF-8" ?>
<testsuites>
  <testsuite errors="0" failures="0" hostname="devops-instance-apr22" id="0" name="NumberWordsTests" package="devops.test" skipped="0" tests="4" time="0.099" timestamp="2018-05-12T07:57:36">
      <properties>
[...]
</properties>

      <testcase classname="devops.test.NumberWordsTests" name="numberThreeReturns" time="0.003" />

      <testcase classname="devops.test.NumberWordsTests" name="numberReturnsZero" time="0.001" />

      <testcase classname="devops.test.NumberWordsTests" name="numberTwoReturnsTwo" time="0.0" />

      <testcase classname="devops.test.NumberWordsTests" name="numberOneReturnsOne" time="0.0" />

      <system-out><![CDATA[.....Start the execution of Numbers to Words tests.......
....Before Class runs before any of the tests are run.......
3 returns the word Valid Number
.....After executed after all tests are run.......
....Before Class runs before any of the tests are run.......
0 returns the word Number is Zero
.....After executed after all tests are run.......
....Before Class runs before any of the tests are run.......
2 returns the word 2
.....After executed after all tests are run.......
....Before Class runs before any of the tests are run.......
-1 returns the word Number out of range
.....After executed after all tests are run.......
.....After class executed post After is executed.......
]]></system-out>

      <system-err><![CDATA[]]></system-err>

  </testsuite>
</testsuites>
